[debug] [2026-04-06T13:58:07.066Z] ----------------------------------------------------------------------
[debug] [2026-04-06T13:58:07.067Z] Command:       /opt/homebrew/Cellar/node/24.4.1/bin/node /Users/antonio/.npm/_npx/7750544ccf494d8b/node_modules/.bin/firebase init apphosting
[debug] [2026-04-06T13:58:07.067Z] CLI Version:   15.13.0
[debug] [2026-04-06T13:58:07.067Z] Platform:      darwin
[debug] [2026-04-06T13:58:07.067Z] Node Version:  v24.4.1
[debug] [2026-04-06T13:58:07.067Z] Time:          Mon Apr 06 2026 15:58:07 GMT+0200 (Central European Summer Time)
[debug] [2026-04-06T13:58:07.067Z] ----------------------------------------------------------------------
[debug] 
[info] 
     ######## #### ########  ######## ########     ###     ######  ########
     ##        ##  ##     ## ##       ##     ##  ##   ##  ##       ##
     ######    ##  ########  ######   ########  #########  ######  ######
     ##        ##  ##    ##  ##       ##     ## ##     ##       ## ##
     ##       #### ##     ## ######## ########  ##     ##  ######  ########

You're about to initialize a Firebase project in this directory:

  /Users/antonio/dev/FMeta

Before we get started, keep in mind:

  * You are initializing within an existing Firebase project directory

[info] 
=== Project Setup
[info] 
[info] First, let's associate this project directory with a Firebase project.
[info] You can create multiple project aliases by running firebase use --add, 
[info] 
[debug] [2026-04-06T13:58:07.660Z] > command requires scopes: ["email","openid","https://www.googleapis.com/auth/cloudplatformprojects.readonly","https://www.googleapis.com/auth/firebase","https://www.googleapis.com/auth/cloud-platform"]
[debug] [2026-04-06T13:58:07.660Z] > authorizing via signed-in user (romeret08@gmail.com)
[debug] [2026-04-06T13:58:07.660Z] Checked if tokens are valid: true, expires at: 1775485258944
[debug] [2026-04-06T13:58:07.660Z] Checked if tokens are valid: true, expires at: 1775485258944
[debug] [2026-04-06T13:58:07.661Z] >>> [apiv2][query] GET https://firebase.googleapis.com/v1beta1/projects/fmeta-f9aed [none]
[debug] [2026-04-06T13:58:08.030Z] <<< [apiv2][status] GET https://firebase.googleapis.com/v1beta1/projects/fmeta-f9aed 200
[debug] [2026-04-06T13:58:08.031Z] <<< [apiv2][body] GET https://firebase.googleapis.com/v1beta1/projects/fmeta-f9aed {"projectId":"fmeta-f9aed","projectNumber":"1031166438775","displayName":"FMeta","name":"projects/fmeta-f9aed","resources":{"hostingSite":"fmeta-f9aed"},"state":"ACTIVE","etag":"1_b9f9eba6-6a04-48bf-ac55-0c3002f00ae0"}
[info] i  Using project fmeta-f9aed (FMeta) . 
[info] 
=== App Hosting Setup
[debug] [2026-04-06T13:58:08.043Z] Checked if tokens are valid: true, expires at: 1775485258944
[debug] [2026-04-06T13:58:08.044Z] Checked if tokens are valid: true, expires at: 1775485258944
[debug] [2026-04-06T13:58:08.044Z] >>> [apiv2][query] GET https://cloudbilling.googleapis.com/v1/projects/fmeta-f9aed/billingInfo [none]
[debug] [2026-04-06T13:58:08.788Z] <<< [apiv2][status] GET https://cloudbilling.googleapis.com/v1/projects/fmeta-f9aed/billingInfo 200
[debug] [2026-04-06T13:58:08.788Z] <<< [apiv2][body] GET https://cloudbilling.googleapis.com/v1/projects/fmeta-f9aed/billingInfo {"name":"projects/fmeta-f9aed/billingInfo","projectId":"fmeta-f9aed","billingAccountName":"billingAccounts/01888E-223336-D19AE7","billingEnabled":true}
[debug] [2026-04-06T13:58:08.789Z] Checked if tokens are valid: true, expires at: 1775485258944
[debug] [2026-04-06T13:58:08.790Z] Checked if tokens are valid: true, expires at: 1775485258944
[debug] [2026-04-06T13:58:08.790Z] >>> [apiv2][query] GET https://serviceusage.googleapis.com/v1/projects/fmeta-f9aed/services/firebaseapphosting.googleapis.com [none]
[debug] [2026-04-06T13:58:08.790Z] >>> [apiv2][(partial)header] GET https://serviceusage.googleapis.com/v1/projects/fmeta-f9aed/services/firebaseapphosting.googleapis.com  x-goog-user-project=fmeta-f9aed
[debug] [2026-04-06T13:58:09.655Z] <<< [apiv2][status] GET https://serviceusage.googleapis.com/v1/projects/fmeta-f9aed/services/firebaseapphosting.googleapis.com 200
[debug] [2026-04-06T13:58:09.655Z] <<< [apiv2][body] GET https://serviceusage.googleapis.com/v1/projects/fmeta-f9aed/services/firebaseapphosting.googleapis.com [omitted]
[debug] [2026-04-06T13:58:09.663Z] Checked if tokens are valid: true, expires at: 1775485258944
[debug] [2026-04-06T13:58:09.663Z] Checked if tokens are valid: true, expires at: 1775485258944
[debug] [2026-04-06T13:58:09.664Z] Checked if tokens are valid: true, expires at: 1775485258944
[debug] [2026-04-06T13:58:09.664Z] Checked if tokens are valid: true, expires at: 1775485258944
[debug] [2026-04-06T13:58:09.664Z] Checked if tokens are valid: true, expires at: 1775485258944
[debug] [2026-04-06T13:58:09.664Z] Checked if tokens are valid: true, expires at: 1775485258944
[debug] [2026-04-06T13:58:09.664Z] Checked if tokens are valid: true, expires at: 1775485258944
[debug] [2026-04-06T13:58:09.664Z] Checked if tokens are valid: true, expires at: 1775485258944
[debug] [2026-04-06T13:58:09.664Z] Checked if tokens are valid: true, expires at: 1775485258944
[debug] [2026-04-06T13:58:09.664Z] Checked if tokens are valid: true, expires at: 1775485258944
[debug] [2026-04-06T13:58:09.664Z] Checked if tokens are valid: true, expires at: 1775485258944
[debug] [2026-04-06T13:58:09.664Z] Checked if tokens are valid: true, expires at: 1775485258944
[debug] [2026-04-06T13:58:09.664Z] >>> [apiv2][query] GET https://serviceusage.googleapis.com/v1/projects/fmeta-f9aed/services/developerconnect.googleapis.com [none]
[debug] [2026-04-06T13:58:09.664Z] >>> [apiv2][(partial)header] GET https://serviceusage.googleapis.com/v1/projects/fmeta-f9aed/services/developerconnect.googleapis.com  x-goog-user-project=fmeta-f9aed
[debug] [2026-04-06T13:58:09.665Z] >>> [apiv2][query] GET https://serviceusage.googleapis.com/v1/projects/fmeta-f9aed/services/cloudbuild.googleapis.com [none]
[debug] [2026-04-06T13:58:09.665Z] >>> [apiv2][(partial)header] GET https://serviceusage.googleapis.com/v1/projects/fmeta-f9aed/services/cloudbuild.googleapis.com  x-goog-user-project=fmeta-f9aed
[debug] [2026-04-06T13:58:09.667Z] >>> [apiv2][query] GET https://serviceusage.googleapis.com/v1/projects/fmeta-f9aed/services/secretmanager.googleapis.com [none]
[debug] [2026-04-06T13:58:09.667Z] >>> [apiv2][(partial)header] GET https://serviceusage.googleapis.com/v1/projects/fmeta-f9aed/services/secretmanager.googleapis.com  x-goog-user-project=fmeta-f9aed
[debug] [2026-04-06T13:58:09.668Z] >>> [apiv2][query] GET https://serviceusage.googleapis.com/v1/projects/fmeta-f9aed/services/run.googleapis.com [none]
[debug] [2026-04-06T13:58:09.669Z] >>> [apiv2][(partial)header] GET https://serviceusage.googleapis.com/v1/projects/fmeta-f9aed/services/run.googleapis.com  x-goog-user-project=fmeta-f9aed
[debug] [2026-04-06T13:58:09.670Z] >>> [apiv2][query] GET https://serviceusage.googleapis.com/v1/projects/fmeta-f9aed/services/artifactregistry.googleapis.com [none]
[debug] [2026-04-06T13:58:09.670Z] >>> [apiv2][(partial)header] GET https://serviceusage.googleapis.com/v1/projects/fmeta-f9aed/services/artifactregistry.googleapis.com  x-goog-user-project=fmeta-f9aed
[debug] [2026-04-06T13:58:09.672Z] >>> [apiv2][query] GET https://serviceusage.googleapis.com/v1/projects/fmeta-f9aed/services/iam.googleapis.com [none]
[debug] [2026-04-06T13:58:09.672Z] >>> [apiv2][(partial)header] GET https://serviceusage.googleapis.com/v1/projects/fmeta-f9aed/services/iam.googleapis.com  x-goog-user-project=fmeta-f9aed
[debug] [2026-04-06T13:58:10.435Z] <<< [apiv2][status] GET https://serviceusage.googleapis.com/v1/projects/fmeta-f9aed/services/developerconnect.googleapis.com 200
[debug] [2026-04-06T13:58:10.435Z] <<< [apiv2][body] GET https://serviceusage.googleapis.com/v1/projects/fmeta-f9aed/services/developerconnect.googleapis.com [omitted]
[debug] [2026-04-06T13:58:10.481Z] <<< [apiv2][status] GET https://serviceusage.googleapis.com/v1/projects/fmeta-f9aed/services/secretmanager.googleapis.com 200
[debug] [2026-04-06T13:58:10.481Z] <<< [apiv2][body] GET https://serviceusage.googleapis.com/v1/projects/fmeta-f9aed/services/secretmanager.googleapis.com [omitted]
[debug] [2026-04-06T13:58:10.490Z] <<< [apiv2][status] GET https://serviceusage.googleapis.com/v1/projects/fmeta-f9aed/services/run.googleapis.com 200
[debug] [2026-04-06T13:58:10.490Z] <<< [apiv2][body] GET https://serviceusage.googleapis.com/v1/projects/fmeta-f9aed/services/run.googleapis.com [omitted]
[debug] [2026-04-06T13:58:10.499Z] <<< [apiv2][status] GET https://serviceusage.googleapis.com/v1/projects/fmeta-f9aed/services/artifactregistry.googleapis.com 200
[debug] [2026-04-06T13:58:10.499Z] <<< [apiv2][body] GET https://serviceusage.googleapis.com/v1/projects/fmeta-f9aed/services/artifactregistry.googleapis.com [omitted]
[debug] [2026-04-06T13:58:10.504Z] <<< [apiv2][status] GET https://serviceusage.googleapis.com/v1/projects/fmeta-f9aed/services/iam.googleapis.com 200
[debug] [2026-04-06T13:58:10.505Z] <<< [apiv2][body] GET https://serviceusage.googleapis.com/v1/projects/fmeta-f9aed/services/iam.googleapis.com [omitted]
[debug] [2026-04-06T13:58:10.577Z] <<< [apiv2][status] GET https://serviceusage.googleapis.com/v1/projects/fmeta-f9aed/services/cloudbuild.googleapis.com 200
[debug] [2026-04-06T13:58:10.577Z] <<< [apiv2][body] GET https://serviceusage.googleapis.com/v1/projects/fmeta-f9aed/services/cloudbuild.googleapis.com [omitted]
[debug] [2026-04-06T13:58:10.584Z] Checked if tokens are valid: true, expires at: 1775485258944
[debug] [2026-04-06T13:58:10.584Z] Checked if tokens are valid: true, expires at: 1775485258944
[debug] [2026-04-06T13:58:10.584Z] >>> [apiv2][query] POST https://iam.googleapis.com/v1/projects/fmeta-f9aed/serviceAccounts/firebase-app-hosting-compute@fmeta-f9aed.iam.gserviceaccount.com:testIamPermissions [none]
[debug] [2026-04-06T13:58:10.584Z] >>> [apiv2][(partial)header] POST https://iam.googleapis.com/v1/projects/fmeta-f9aed/serviceAccounts/firebase-app-hosting-compute@fmeta-f9aed.iam.gserviceaccount.com:testIamPermissions  x-goog-user-project=fmeta-f9aed
[debug] [2026-04-06T13:58:10.584Z] >>> [apiv2][body] POST https://iam.googleapis.com/v1/projects/fmeta-f9aed/serviceAccounts/firebase-app-hosting-compute@fmeta-f9aed.iam.gserviceaccount.com:testIamPermissions {"permissions":["iam.serviceAccounts.actAs"]}
[debug] [2026-04-06T13:58:11.392Z] <<< [apiv2][status] POST https://iam.googleapis.com/v1/projects/fmeta-f9aed/serviceAccounts/firebase-app-hosting-compute@fmeta-f9aed.iam.gserviceaccount.com:testIamPermissions 404
[debug] [2026-04-06T13:58:11.392Z] <<< [apiv2][body] POST https://iam.googleapis.com/v1/projects/fmeta-f9aed/serviceAccounts/firebase-app-hosting-compute@fmeta-f9aed.iam.gserviceaccount.com:testIamPermissions {"error":{"code":404,"message":"Unknown service account","status":"NOT_FOUND"}}
[debug] [2026-04-06T13:58:11.393Z] Checked if tokens are valid: true, expires at: 1775485258944
[debug] [2026-04-06T13:58:11.393Z] Checked if tokens are valid: true, expires at: 1775485258944
[debug] [2026-04-06T13:58:11.393Z] >>> [apiv2][query] POST https://iam.googleapis.com/v1/projects/fmeta-f9aed/serviceAccounts [none]
[debug] [2026-04-06T13:58:11.393Z] >>> [apiv2][body] POST https://iam.googleapis.com/v1/projects/fmeta-f9aed/serviceAccounts {"accountId":"firebase-app-hosting-compute","serviceAccount":{"displayName":"Firebase App Hosting compute service account","description":"Default service account used to run builds and deploys for Firebase App Hosting"}}
[debug] [2026-04-06T13:58:12.581Z] <<< [apiv2][status] POST https://iam.googleapis.com/v1/projects/fmeta-f9aed/serviceAccounts 200
[debug] [2026-04-06T13:58:12.581Z] <<< [apiv2][body] POST https://iam.googleapis.com/v1/projects/fmeta-f9aed/serviceAccounts [omitted]
[debug] [2026-04-06T13:58:12.581Z] Checked if tokens are valid: true, expires at: 1775485258944
[debug] [2026-04-06T13:58:12.581Z] Checked if tokens are valid: true, expires at: 1775485258944
[debug] [2026-04-06T13:58:12.582Z] >>> [apiv2][query] POST https://cloudresourcemanager.googleapis.com/v1/projects/fmeta-f9aed:getIamPolicy [none]
[debug] [2026-04-06T13:58:12.880Z] <<< [apiv2][status] POST https://cloudresourcemanager.googleapis.com/v1/projects/fmeta-f9aed:getIamPolicy 200
[debug] [2026-04-06T13:58:12.880Z] <<< [apiv2][body] POST https://cloudresourcemanager.googleapis.com/v1/projects/fmeta-f9aed:getIamPolicy {"version":1,"etag":"BwZOywqHGWY=","bindings":[{"role":"roles/cloudbuild.builds.builder","members":["serviceAccount:1031166438775@cloudbuild.gserviceaccount.com"]},{"role":"roles/cloudbuild.serviceAgent","members":["serviceAccount:service-1031166438775@gcp-sa-cloudbuild.iam.gserviceaccount.com"]},{"role":"roles/containerregistry.ServiceAgent","members":["serviceAccount:service-1031166438775@containerregistry.iam.gserviceaccount.com"]},{"role":"roles/editor","members":["serviceAccount:1031166438775-compute@developer.gserviceaccount.com"]},{"role":"roles/firebase.analyticsAdmin","members":["serviceAccount:firebase-adminsdk-fbsvc@fmeta-f9aed.iam.gserviceaccount.com"]},{"role":"roles/firebase.managementServiceAgent","members":["serviceAccount:service-1031166438775@gcp-sa-firebase.iam.gserviceaccount.com"]},{"role":"roles/firebase.sdkAdminServiceAgent","members":["serviceAccount:firebase-adminsdk-fbsvc@fmeta-f9aed.iam.gserviceaccount.com"]},{"role":"roles/firebaseabt.admin","members":["serviceAccount:firebase-adminsdk-fbsvc@fmeta-f9aed.iam.gserviceaccount.com"]},{"role":"roles/firebaseauth.admin","members":["serviceAccount:firebase-adminsdk-fbsvc@fmeta-f9aed.iam.gserviceaccount.com"]},{"role":"roles/firebaserules.system","members":["serviceAccount:service-1031166438775@firebase-rules.iam.gserviceaccount.com"]},{"role":"roles/firestore.serviceAgent","members":["serviceAccount:service-1031166438775@gcp-sa-firestore.iam.gserviceaccount.com"]},{"role":"roles/iam.serviceAccountTokenCreator","members":["serviceAccount:firebase-adminsdk-fbsvc@fmeta-f9aed.iam.gserviceaccount.com"]},{"role":"roles/owner","members":["user:romeret08@gmail.com"]},{"role":"roles/run.serviceAgent","members":["serviceAccount:service-1031166438775@serverless-robot-prod.iam.gserviceaccount.com"]}]}
[debug] [2026-04-06T13:58:12.880Z] Checked if tokens are valid: true, expires at: 1775485258944
[debug] [2026-04-06T13:58:12.880Z] Checked if tokens are valid: true, expires at: 1775485258944
[debug] [2026-04-06T13:58:12.881Z] >>> [apiv2][query] POST https://cloudresourcemanager.googleapis.com/v1/projects/fmeta-f9aed:setIamPolicy [none]
[debug] [2026-04-06T13:58:12.881Z] >>> [apiv2][body] POST https://cloudresourcemanager.googleapis.com/v1/projects/fmeta-f9aed:setIamPolicy {"policy":{"version":1,"etag":"BwZOywqHGWY=","bindings":[{"role":"roles/cloudbuild.builds.builder","members":["serviceAccount:1031166438775@cloudbuild.gserviceaccount.com"]},{"role":"roles/cloudbuild.serviceAgent","members":["serviceAccount:service-1031166438775@gcp-sa-cloudbuild.iam.gserviceaccount.com"]},{"role":"roles/containerregistry.ServiceAgent","members":["serviceAccount:service-1031166438775@containerregistry.iam.gserviceaccount.com"]},{"role":"roles/editor","members":["serviceAccount:1031166438775-compute@developer.gserviceaccount.com"]},{"role":"roles/firebase.analyticsAdmin","members":["serviceAccount:firebase-adminsdk-fbsvc@fmeta-f9aed.iam.gserviceaccount.com"]},{"role":"roles/firebase.managementServiceAgent","members":["serviceAccount:service-1031166438775@gcp-sa-firebase.iam.gserviceaccount.com"]},{"role":"roles/firebase.sdkAdminServiceAgent","members":["serviceAccount:firebase-adminsdk-fbsvc@fmeta-f9aed.iam.gserviceaccount.com","serviceAccount:firebase-app-hosting-compute@fmeta-f9aed.iam.gserviceaccount.com"]},{"role":"roles/firebaseabt.admin","members":["serviceAccount:firebase-adminsdk-fbsvc@fmeta-f9aed.iam.gserviceaccount.com"]},{"role":"roles/firebaseauth.admin","members":["serviceAccount:firebase-adminsdk-fbsvc@fmeta-f9aed.iam.gserviceaccount.com"]},{"role":"roles/firebaserules.system","members":["serviceAccount:service-1031166438775@firebase-rules.iam.gserviceaccount.com"]},{"role":"roles/firestore.serviceAgent","members":["serviceAccount:service-1031166438775@gcp-sa-firestore.iam.gserviceaccount.com"]},{"role":"roles/iam.serviceAccountTokenCreator","members":["serviceAccount:firebase-adminsdk-fbsvc@fmeta-f9aed.iam.gserviceaccount.com"]},{"role":"roles/owner","members":["user:romeret08@gmail.com"]},{"role":"roles/run.serviceAgent","members":["serviceAccount:service-1031166438775@serverless-robot-prod.iam.gserviceaccount.com"]},{"role":"roles/firebaseapphosting.computeRunner","members":["serviceAccount:firebase-app-hosting-compute@fmeta-f9aed.iam.gserviceaccount.com"]},{"role":"roles/developerconnect.readTokenAccessor","members":["serviceAccount:firebase-app-hosting-compute@fmeta-f9aed.iam.gserviceaccount.com"]},{"role":"roles/storage.objectViewer","members":["serviceAccount:firebase-app-hosting-compute@fmeta-f9aed.iam.gserviceaccount.com"]}]},"updateMask":"bindings"}
[debug] [2026-04-06T13:58:13.794Z] <<< [apiv2][status] POST https://cloudresourcemanager.googleapis.com/v1/projects/fmeta-f9aed:setIamPolicy 400
[debug] [2026-04-06T13:58:13.794Z] <<< [apiv2][body] POST https://cloudresourcemanager.googleapis.com/v1/projects/fmeta-f9aed:setIamPolicy {"error":{"code":400,"message":"Service account firebase-app-hosting-compute@fmeta-f9aed.iam.gserviceaccount.com does not exist.","status":"INVALID_ARGUMENT"}}
[warn] ⚠  Your App Hosting compute service account is still being provisioned in the background. If you encounter an error, please try again after a few moments. 
[info] i  This command links your local project to Firebase App Hosting. You will be able to deploy your web app with `firebase deploy` after setup. 
[debug] [2026-04-06T13:58:22.668Z] Checked if tokens are valid: true, expires at: 1775485258944
[debug] [2026-04-06T13:58:22.668Z] Checked if tokens are valid: true, expires at: 1775485258944
[debug] [2026-04-06T13:58:22.668Z] >>> [apiv2][query] GET https://firebaseapphosting.googleapis.com/v1beta/projects/fmeta-f9aed/locations/-/backends 
[debug] [2026-04-06T13:58:23.233Z] <<< [apiv2][status] GET https://firebaseapphosting.googleapis.com/v1beta/projects/fmeta-f9aed/locations/-/backends 200
[debug] [2026-04-06T13:58:23.234Z] <<< [apiv2][body] GET https://firebaseapphosting.googleapis.com/v1beta/projects/fmeta-f9aed/locations/-/backends {}
[debug] [2026-04-06T13:58:29.685Z] ExitPromptError: User force closed the prompt with SIGINT
    at Interface.sigint (/Users/antonio/.npm/_npx/7750544ccf494d8b/node_modules/@inquirer/core/dist/commonjs/lib/create-prompt.js:101:37)
    at Interface.emit (node:events:507:28)
    at [_ttyWrite] [as _ttyWrite] (node:internal/readline/interface:1315:18)
    at ReadStream.onkeypress (node:internal/readline/interface:284:20)
    at ReadStream.emit (node:events:519:35)
    at emitKeys (node:internal/readline/utils:371:14)
    at emitKeys.next (<anonymous>)
    at ReadStream.onData (node:internal/readline/emitKeypressEvents:64:36)
    at ReadStream.emit (node:events:507:28)
    at addChunk (node:internal/streams/readable:559:12)
[error] 
[error] Error: An unexpected error has occurred.
